<?xml version="1.0" encoding="UTF-8"?>
<testsuite name="com.example.project.TestBook" tests="3" skipped="0" failures="0" errors="0" timestamp="2025-01-18T05:24:12" hostname="codespaces-2889e9" time="0.079">
  <properties/>
  <testcase name="testBookInfo()" classname="com.example.project.TestBook" time="0.054"/>
  <testcase name="testBookConstructor()" classname="com.example.project.TestBook" time="0.002"/>
  <testcase name="testSetters()" classname="com.example.project.TestBook" time="0.004"/>
  <system-out><![CDATA[]]></system-out>
  <system-err><![CDATA[]]></system-err>
</testsuite>
